\BOOKMARK [1][-]{section.1}{\376\377\000I\000n\000t\000r\000o\000d\000u\000c\000t\000i\000o\000n}{}% 1
\BOOKMARK [1][-]{section.2}{\376\377\000R\000e\000l\000a\000t\000e\000d\000\040\000W\000o\000r\000k}{}% 2
\BOOKMARK [1][-]{section.3}{\376\377\000S\000e\000t\000u\000p}{}% 3
\BOOKMARK [1][-]{section.4}{\376\377\000T\000h\000e\000\040\000D\000e\000f\000e\000n\000s\000e\000\040\000I\000m\000p\000o\000s\000s\000i\000b\000i\000l\000i\000t\000y\000\040\000T\000h\000e\000o\000r\000e\000m}{}% 4
\BOOKMARK [2][-]{subsection.4.1}{\376\377\000E\000a\000c\000h\000\040\000H\000y\000p\000o\000t\000h\000e\000s\000i\000s\000\040\000I\000s\000\040\000N\000e\000c\000e\000s\000s\000a\000r\000y}{section.4}% 5
\BOOKMARK [2][-]{subsection.4.2}{\376\377\000W\000h\000a\000t\000\040\000t\000h\000e\000\040\000T\000h\000e\000o\000r\000e\000m\000\040\000D\000o\000e\000s\000\040\000N\000o\000t\000\040\000S\000a\000y}{section.4}% 6
\BOOKMARK [1][-]{section.5}{\376\377\000T\000h\000e\000\040\000V\000u\000l\000n\000e\000r\000a\000b\000i\000l\000i\000t\000y\000\040\000L\000a\000n\000d\000s\000c\000a\000p\000e}{}% 7
\BOOKMARK [1][-]{section.6}{\376\377\000A\000t\000t\000a\000c\000k\000\040\000P\000r\000o\000p\000e\000r\000t\000i\000e\000s}{}% 8
\BOOKMARK [1][-]{section.7}{\376\377\000C\000o\000s\000t\000\040\000A\000s\000y\000m\000m\000e\000t\000r\000y}{}% 9
\BOOKMARK [1][-]{section.8}{\376\377\000E\000x\000p\000e\000r\000i\000m\000e\000n\000t\000a\000l\000\040\000V\000a\000l\000i\000d\000a\000t\000i\000o\000n}{}% 10
\BOOKMARK [2][-]{subsection.8.1}{\376\377\000T\000h\000e\000o\000r\000y\040\023\000E\000x\000p\000e\000r\000i\000m\000e\000n\000t\000\040\000C\000o\000r\000r\000e\000s\000p\000o\000n\000d\000e\000n\000c\000e}{section.8}% 11
\BOOKMARK [2][-]{subsection.8.2}{\376\377\000M\000o\000d\000e\000l\000-\000S\000p\000e\000c\000i\000f\000i\000c\000\040\000P\000r\000e\000d\000i\000c\000t\000i\000o\000n\000s}{section.8}% 12
\BOOKMARK [2][-]{subsection.8.3}{\376\377\000Q\000u\000a\000n\000t\000i\000t\000a\000t\000i\000v\000e\000\040\000C\000h\000e\000c\000k\000s}{section.8}% 13
\BOOKMARK [1][-]{section.9}{\376\377\000T\000h\000e\000\040\000E\000n\000g\000i\000n\000e\000e\000r\000i\000n\000g\000\040\000P\000r\000e\000s\000c\000r\000i\000p\000t\000i\000o\000n}{}% 14
\BOOKMARK [1][-]{section.10}{\376\377\000T\000h\000e\000\040\000L\000e\000a\000n\000\040\000A\000r\000t\000i\000f\000a\000c\000t}{}% 15
\BOOKMARK [2][-]{subsection.10.1}{\376\377\000V\000e\000r\000i\000f\000i\000c\000a\000t\000i\000o\000n\000\040\000D\000e\000t\000a\000i\000l\000s}{section.10}% 16
\BOOKMARK [2][-]{subsection.10.2}{\376\377\000P\000r\000o\000o\000f\000\040\000M\000a\000p}{section.10}% 17
\BOOKMARK [2][-]{subsection.10.3}{\376\377\000G\000e\000n\000e\000r\000a\000l\000i\000t\000y}{section.10}% 18
\BOOKMARK [1][-]{section.11}{\376\377\000L\000i\000m\000i\000t\000a\000t\000i\000o\000n\000s}{}% 19
\BOOKMARK [1][-]{section.12}{\376\377\000C\000o\000n\000c\000l\000u\000s\000i\000o\000n}{}% 20
